<?xml version="1.0" encoding="UTF-8" ?>
<testsuite errors="0" failures="0" hostname="samuel-PBL1011" name="calctest.CalculatorTest" tests="5" time="0.275" timestamp="2013-07-05T02:26:52">
  <properties>
[...]
</properties>
  <testcase classname="calctest.CalculatorTest" name="testAdd" time="0.178" />
  <testcase classname="calctest.CalculatorTest" name="testSub" time="0.007" />
  <testcase classname="calctest.CalculatorTest" name="testMul" time="0.007" />
  <testcase classname="calctest.CalculatorTest" name="testDiv" time="0.009" />
  <testcase classname="calctest.CalculatorTest" name="testMod" time="0.009" />
  <system-out><![CDATA[]]></system-out>
  <system-err><![CDATA[]]></system-err>
</testsuite>
